SF:lib\data\models\pet.dart
DA:18,3
DA:30,0
DA:31,0
DA:33,1
DA:34,1
DA:35,1
DA:36,1
DA:37,2
DA:38,2
DA:39,0
DA:43,3
DA:44,3
DA:45,1
DA:46,1
DA:47,1
DA:51,3
DA:52,1
DA:53,1
DA:54,1
DA:55,1
DA:56,2
DA:57,1
DA:58,1
DA:59,1
DA:60,1
DA:61,1
DA:62,1
DA:66,1
DA:77,1
DA:78,1
DA:79,0
DA:80,1
DA:81,1
DA:82,1
DA:83,1
DA:84,1
DA:85,1
DA:86,1
DA:90,0
DA:91,0
DA:94,2
DA:96,20
DA:99,1
DA:103,1
DA:104,3
DA:105,3
DA:106,3
DA:107,3
DA:108,3
DA:109,3
DA:110,3
DA:111,3
DA:112,3
DA:115,1
DA:117,3
DA:118,3
DA:119,3
DA:120,3
DA:121,3
DA:122,3
DA:123,3
DA:124,3
DA:125,2
LF:63
LH:57
end_of_record
SF:lib\data\repositories\rest_pet_repository.dart
DA:13,1
DA:15,1
DA:17,1
DA:18,2
DA:20,1
DA:21,1
DA:23,2
DA:24,3
DA:27,1
DA:28,2
DA:33,1
DA:35,2
DA:36,2
DA:38,2
DA:39,2
DA:41,1
DA:42,2
DA:47,1
DA:49,1
DA:50,2
DA:51,2
DA:52,2
DA:53,1
DA:54,4
DA:57,1
DA:58,2
DA:63,1
DA:65,2
DA:66,2
DA:68,2
DA:69,2
DA:70,1
DA:72,1
DA:73,2
DA:78,0
DA:80,0
DA:81,0
DA:83,0
DA:84,0
DA:87,0
DA:88,0
DA:90,0
DA:91,0
LF:43
LH:34
end_of_record
SF:lib\widgets\enums\species_enum.dart
DA:4,0
DA:5,0
DA:6,0
DA:8,0
DA:10,0
DA:12,0
DA:15,0
DA:19,1
DA:20,3
LF:9
LH:2
end_of_record
SF:lib\data\models\owner.dart
DA:7,0
DA:9,0
DA:10,0
DA:13,0
DA:14,0
DA:15,0
DA:16,0
DA:17,0
LF:8
LH:0
end_of_record
SF:lib\data\repositories\pet_repository.dart
DA:9,0
DA:11,0
LF:2
LH:0
end_of_record
SF:lib\data\repositories\firestore_pet_repository.dart
DA:23,0
DA:27,0
DA:29,0
DA:34,0
DA:36,0
DA:37,0
DA:40,0
DA:42,0
DA:44,0
DA:45,0
DA:46,0
DA:50,0
DA:53,0
DA:56,0
DA:58,0
DA:59,0
DA:60,0
DA:61,0
DA:64,0
DA:65,0
DA:66,0
DA:67,0
DA:68,0
DA:70,0
DA:71,0
DA:72,0
DA:76,0
DA:77,0
DA:78,0
DA:79,0
DA:80,0
DA:82,0
DA:83,0
DA:84,0
DA:88,0
DA:89,0
DA:90,0
DA:91,0
DA:92,0
DA:96,0
DA:97,0
DA:98,0
DA:99,0
DA:101,0
DA:102,0
DA:104,0
DA:105,0
DA:110,0
DA:111,0
DA:112,0
DA:113,0
DA:114,0
DA:115,0
DA:116,0
DA:117,0
LF:55
LH:0
end_of_record
SF:lib\logic\cubits\cubit\manage_pets_cubit.dart
DA:10,2
DA:12,1
DA:13,3
DA:15,2
DA:17,3
DA:18,0
DA:19,0
DA:20,0
DA:22,0
LF:9
LH:5
end_of_record
SF:lib\logic\cubits\cubit\manage_pets_state.dart
DA:15,4
DA:21,1
DA:26,1
DA:27,0
DA:28,1
DA:29,1
DA:33,1
DA:34,4
LF:8
LH:7
end_of_record
SF:lib\widgets\pet_list_loaded.dart
DA:8,1
DA:10,1
DA:12,1
DA:13,2
DA:14,1
DA:15,1
DA:16,5
DA:17,1
DA:18,3
DA:22,1
DA:23,3
DA:24,3
DA:26,1
DA:27,4
DA:28,3
DA:34,0
DA:35,0
DA:37,0
DA:38,0
DA:41,0
DA:42,0
DA:44,0
LF:22
LH:15
end_of_record
SF:lib\screens\create_pet_screen.dart
DA:11,0
DA:13,0
DA:14,0
DA:27,0
DA:29,0
DA:30,0
DA:31,0
DA:33,0
DA:34,0
DA:35,0
DA:36,0
DA:37,0
DA:38,0
DA:39,0
DA:41,0
DA:45,0
DA:47,0
DA:48,0
DA:49,0
DA:50,0
DA:51,0
DA:54,0
DA:55,0
DA:56,0
DA:57,0
DA:58,0
DA:59,0
DA:60,0
DA:61,0
DA:63,0
DA:64,0
DA:65,0
DA:66,0
DA:68,0
DA:75,0
DA:76,0
DA:77,0
DA:82,0
DA:83,0
DA:84,0
DA:85,0
DA:86,0
DA:87,0
DA:92,0
DA:101,0
DA:104,0
DA:111,0
DA:112,0
DA:113,0
DA:116,0
DA:117,0
DA:118,0
DA:119,0
DA:120,0
DA:127,0
DA:129,0
DA:130,0
DA:131,0
DA:132,0
DA:137,0
DA:138,0
DA:139,0
DA:141,0
DA:142,0
DA:145,0
DA:146,0
DA:147,0
DA:148,0
DA:149,0
DA:150,0
DA:154,0
DA:155,0
DA:163,0
DA:164,0
DA:169,0
DA:170,0
DA:178,0
DA:179,0
DA:184,0
DA:185,0
DA:193,0
DA:194,0
DA:199,0
DA:200,0
DA:207,0
DA:208,0
DA:210,0
DA:212,0
DA:213,0
DA:215,0
DA:217,0
DA:219,0
DA:224,0
DA:226,0
DA:228,0
DA:233,0
DA:235,0
DA:237,0
DA:242,0
DA:244,0
DA:246,0
DA:252,0
DA:254,0
DA:255,0
DA:256,0
DA:264,0
DA:265,0
DA:267,0
DA:274,0
DA:277,0
DA:279,0
DA:280,0
DA:281,0
DA:286,0
DA:287,0
DA:288,0
DA:290,0
LF:117
LH:0
end_of_record
SF:lib\widgets\custom_button.dart
DA:9,0
DA:11,0
DA:13,0
DA:14,0
DA:15,0
DA:16,0
DA:17,0
DA:18,0
DA:24,0
DA:25,0
DA:26,0
DA:27,0
LF:12
LH:0
end_of_record
SF:lib\screens\detail_pet_screen.dart
DA:16,0
DA:22,0
DA:23,0
DA:32,0
DA:34,0
DA:35,0
DA:36,0
DA:37,0
DA:38,0
DA:41,0
DA:43,0
DA:44,0
DA:45,0
DA:48,0
DA:49,0
DA:50,0
DA:51,0
DA:52,0
DA:53,0
DA:54,0
DA:59,0
DA:61,0
DA:62,0
DA:63,0
DA:65,0
DA:66,0
DA:67,0
DA:70,0
DA:71,0
DA:72,0
DA:75,0
DA:76,0
DA:77,0
DA:79,0
DA:80,0
DA:84,0
DA:85,0
DA:86,0
DA:87,0
DA:94,0
DA:96,0
DA:97,0
DA:98,0
DA:99,0
DA:100,0
DA:101,0
DA:102,0
DA:103,0
DA:105,0
DA:107,0
DA:111,0
DA:115,0
DA:118,0
DA:119,0
DA:121,0
DA:128,0
DA:133,0
DA:134,0
DA:135,0
DA:137,0
DA:139,0
DA:141,0
DA:143,0
DA:145,0
DA:147,0
DA:149,0
DA:151,0
DA:153,0
DA:155,0
DA:157,0
DA:159,0
DA:163,0
DA:164,0
DA:165,0
DA:166,0
DA:167,0
DA:169,0
DA:190,0
DA:192,0
DA:194,0
DA:196,0
DA:198,0
DA:200,0
DA:201,0
DA:202,0
LF:85
LH:0
end_of_record
SF:lib\widgets\inherited_adoption_bag.dart
DA:7,0
DA:14,0
DA:17,0
DA:18,0
LF:4
LH:0
end_of_record
